#
# There is insufficient memory for the Java Runtime Environment to continue.
# Native memory allocation (malloc) failed to allocate 32744 bytes for ChunkPool::allocate
# Possible reasons:
#   The system is out of physical RAM or swap space
#   In 32 bit mode, the process size limit was hit
# Possible solutions:
#   Reduce memory load on the system
#   Increase physical memory or swap space
#   Check if swap backing store is full
#   Use 64 bit Java on a 64 bit OS
#   Decrease Java heap size (-Xmx/-Xms)
#   Decrease number of Java threads
#   Decrease Java thread stack sizes (-Xss)
#   Set larger code cache with -XX:ReservedCodeCacheSize=
# This output file may be truncated or incomplete.
#
#  Out of Memory Error (allocation.cpp:273), pid=29260, tid=0x0000000000007688
#
# JRE version: Java(TM) SE Runtime Environment (8.0_121-b13) (build 1.8.0_121-b13)
# Java VM: Java HotSpot(TM) 64-Bit Server VM (25.121-b13 mixed mode windows-amd64 compressed oops)
# Failed to write core dump. Minidumps are not enabled by default on client versions of Windows
#

---------------  T H R E A D  ---------------

Current thread (0x000000001769d800):  JavaThread "C1 CompilerThread2" daemon [_thread_in_native, id=30344, stack(0x0000000018ee0000,0x0000000018fe0000)]

Stack: [0x0000000018ee0000,0x0000000018fe0000]
[error occurred during error reporting (printing stack bounds), id 0xc0000005]

Native frames: (J=compiled Java code, j=interpreted, Vv=VM code, C=native code)


Current CompileTask:
C1:  78446 4274       1       org.eclipse.jdt.internal.compiler.parser.Parser::consumeRule (7138 bytes)


---------------  P R O C E S S  ---------------

Java Threads: ( => current thread )
  0x000000001b4c8800 JavaThread "DiscoveryClient-HeartbeatExecutor-0" daemon [_thread_blocked, id=23656, stack(0x000000001f8f0000,0x000000001f9f0000)]
  0x000000001b4bc800 JavaThread "DiscoveryClient-CacheRefreshExecutor-0" daemon [_thread_blocked, id=39688, stack(0x000000001f7f0000,0x000000001f8f0000)]
  0x000000001b4c7000 JavaThread "RMI TCP Connection(idle)" daemon [_thread_blocked, id=21436, stack(0x000000001f2f0000,0x000000001f3f0000)]
  0x000000001b4c6000 JavaThread "RMI TCP Connection(idle)" daemon [_thread_blocked, id=25404, stack(0x000000001f1f0000,0x000000001f2f0000)]
  0x000000001b4c5800 JavaThread "RMI TCP Connection(idle)" daemon [_thread_blocked, id=25604, stack(0x000000001eff0000,0x000000001f0f0000)]
  0x000000001b4c4000 JavaThread "RMI TCP Connection(idle)" daemon [_thread_blocked, id=24056, stack(0x000000001eef0000,0x000000001eff0000)]
  0x000000001b4c4800 JavaThread "RMI TCP Connection(idle)" daemon [_thread_blocked, id=21016, stack(0x000000001edf0000,0x000000001eef0000)]
  0x000000001b4c3000 JavaThread "DestroyJavaVM" [_thread_blocked, id=16540, stack(0x00000000027b0000,0x00000000028b0000)]
  0x000000001b4bb800 JavaThread "http-nio-7676-Acceptor-0" daemon [_thread_in_native, id=20348, stack(0x000000001ebf0000,0x000000001ecf0000)]
  0x000000001b4c2800 JavaThread "http-nio-7676-ClientPoller-1" daemon [_thread_in_native, id=37448, stack(0x000000001eaf0000,0x000000001ebf0000)]
  0x000000001b4c1800 JavaThread "http-nio-7676-ClientPoller-0" daemon [_thread_in_native, id=25596, stack(0x000000001e9f0000,0x000000001eaf0000)]
  0x000000001b4c0000 JavaThread "http-nio-7676-exec-10" daemon [_thread_blocked, id=17392, stack(0x000000001e7f0000,0x000000001e8f0000)]
  0x000000001b4be000 JavaThread "http-nio-7676-exec-9" daemon [_thread_blocked, id=12348, stack(0x000000001e6f0000,0x000000001e7f0000)]
  0x000000001b4bf800 JavaThread "http-nio-7676-exec-8" daemon [_thread_blocked, id=25016, stack(0x000000001e5f0000,0x000000001e6f0000)]
  0x000000001b4bb000 JavaThread "http-nio-7676-exec-7" daemon [_thread_blocked, id=30220, stack(0x000000001e4f0000,0x000000001e5f0000)]
  0x000000001b4be800 JavaThread "http-nio-7676-exec-6" daemon [_thread_blocked, id=34252, stack(0x000000001e3f0000,0x000000001e4f0000)]
  0x000000001b4bd000 JavaThread "http-nio-7676-exec-5" daemon [_thread_blocked, id=2552, stack(0x000000001e2f0000,0x000000001e3f0000)]
  0x000000001b4c1000 JavaThread "http-nio-7676-exec-4" daemon [_thread_blocked, id=6584, stack(0x000000001e1f0000,0x000000001e2f0000)]
  0x000000001b8b1000 JavaThread "http-nio-7676-exec-3" daemon [_thread_blocked, id=23608, stack(0x000000001e0f0000,0x000000001e1f0000)]
  0x000000001b8b7000 JavaThread "http-nio-7676-exec-2" daemon [_thread_blocked, id=36292, stack(0x000000001dff0000,0x000000001e0f0000)]
  0x000000001b8b2000 JavaThread "http-nio-7676-exec-1" daemon [_thread_in_native, id=30252, stack(0x000000001def0000,0x000000001dff0000)]
  0x000000001b8b3800 JavaThread "NioBlockingSelector.BlockPoller-1" daemon [_thread_in_native, id=31304, stack(0x000000001ddf0000,0x000000001def0000)]
  0x000000001b8b6800 JavaThread "DiscoveryClient-InstanceInfoReplicator-0" daemon [_thread_blocked, id=24572, stack(0x000000001dcf0000,0x000000001ddf0000)]
  0x000000001b8b0800 JavaThread "DiscoveryClient-1" daemon [_thread_blocked, id=31072, stack(0x000000001dbf0000,0x000000001dcf0000)]
  0x000000001b8b5800 JavaThread "DiscoveryClient-0" daemon [_thread_blocked, id=26348, stack(0x000000001daf0000,0x000000001dbf0000)]
  0x000000001b8b2800 JavaThread "AsyncResolver-bootstrap-0" daemon [_thread_blocked, id=36412, stack(0x000000001d6f0000,0x000000001d7f0000)]
  0x000000001b8b5000 JavaThread "Eureka-JerseyClient-Conn-Cleaner2" daemon [_thread_blocked, id=23128, stack(0x000000001d5f0000,0x000000001d6f0000)]
  0x000000001b8b4000 JavaThread "spring.cloud.inetutils" daemon [_thread_blocked, id=12428, stack(0x000000001cef0000,0x000000001cff0000)]
  0x000000001b71a000 JavaThread "container-0" [_thread_blocked, id=38976, stack(0x000000001cbf0000,0x000000001ccf0000)]
  0x000000001b719800 JavaThread "Catalina-utility-1" [_thread_blocked, id=35724, stack(0x000000001caf0000,0x000000001cbf0000)]
  0x000000001992b800 JavaThread "JMX server connection timeout 17" daemon [_thread_blocked, id=39016, stack(0x000000001a3e0000,0x000000001a4e0000)]
  0x0000000019911000 JavaThread "RMI TCP Connection(idle)" daemon [_thread_blocked, id=35960, stack(0x000000001a2e0000,0x000000001a3e0000)]
  0x0000000019904000 JavaThread "RMI Scheduler(0)" daemon [_thread_blocked, id=21108, stack(0x000000001a1e0000,0x000000001a2e0000)]
  0x00000000198ed800 JavaThread "RMI TCP Connection(idle)" daemon [_thread_blocked, id=900, stack(0x000000001a0e0000,0x000000001a1e0000)]
  0x00000000198e9800 JavaThread "RMI TCP Accept-0" daemon [_thread_in_native, id=14684, stack(0x0000000019ee0000,0x0000000019fe0000)]
  0x00000000198de800 JavaThread "RMI TCP Accept-62934" daemon [_thread_in_native, id=588, stack(0x0000000019de0000,0x0000000019ee0000)]
  0x00000000198cf000 JavaThread "RMI TCP Accept-0" daemon [_thread_in_native, id=20080, stack(0x0000000019ce0000,0x0000000019de0000)]
  0x00000000176ee800 JavaThread "Service Thread" daemon [_thread_blocked, id=16604, stack(0x00000000193e0000,0x00000000194e0000)]
=>0x000000001769d800 JavaThread "C1 CompilerThread2" daemon [_thread_in_native, id=30344, stack(0x0000000018ee0000,0x0000000018fe0000)]
  0x0000000017698000 JavaThread "C2 CompilerThread1" daemon [_thread_blocked, id=15860, stack(0x0000000018de0000,0x0000000018ee0000)]
  0x0000000017696000 JavaThread "C2 CompilerThread0" daemon [_thread_blocked, id=12928, stack(0x0000000018ce0000,0x0000000018de0000)]
  0x0000000017694800 JavaThread "Attach Listener" daemon [_thread_blocked, id=1428, stack(0x0000000018be0000,0x0000000018ce0000)]
  0x0000000017693000 JavaThread "Signal Dispatcher" daemon [_thread_blocked, id=11376, stack(0x0000000018ae0000,0x0000000018be0000)]
  0x000000001767c000 JavaThread "Finalizer" daemon [_thread_blocked, id=34712, stack(0x00000000188f0000,0x00000000189f0000)]
  0x0000000017659000 JavaThread "Reference Handler" daemon [_thread_blocked, id=27552, stack(0x00000000187f0000,0x00000000188f0000)]

Other Threads:
  0x0000000017657000 VMThread [stack: 0x00000000186f0000,0x00000000187f0000] [id=27376]
  0x00000000198ec800 WatcherThread [stack: 0x0000000019fe0000,0x000000001a0e0000] [id=17520]

VM state:not at safepoint (normal execution)

VM Mutex/Monitor currently owned by a thread: None

Heap:
 PSYoungGen      total 210432K, used 161661K [0x00000000d5580000, 0x00000000e4a80000, 0x0000000100000000)
  eden space 192512K, 83% used [0x00000000d5580000,0x00000000df35f488,0x00000000e1180000)
  from space 17920K, 0% used [0x00000000e2380000,0x00000000e2380000,0x00000000e3500000)
  to   space 18432K, 0% used [0x00000000e1180000,0x00000000e1180000,0x00000000e2380000)
 ParOldGen       total 73216K, used 20112K [0x0000000080000000, 0x0000000084780000, 0x00000000d5580000)
  object space 73216K, 27% used [0x0000000080000000,0x00000000813a41b0,0x0000000084780000)
 Metaspace       used 46858K, capacity 48812K, committed 49112K, reserved 1091584K
  class space    used 6214K, capacity 6568K, committed 6656K, reserved 1048576K

Card table byte_map: [0x0000000011e30000,0x0000000012240000] byte_map_base: 0x0000000011a30000

Marking Bits: (ParMarkBitMap*) 0x0000000051feb6d0
 Begin Bits: [0x00000000128f0000, 0x00000000148f0000)
 End Bits:   [0x00000000148f0000, 0x00000000168f0000)

Polling page: 0x0000000000af0000

CodeCache: size=245760Kb used=8588Kb max_used=8604Kb free=237171Kb
 bounds [0x0000000002a70000, 0x00000000032e0000, 0x0000000011a70000]
 total_blobs=4727 nmethods=4214 adapters=426
 compilation: enabled

Compilation events (10 events):
Event: 78.372 Thread 0x000000001769d800 nmethod 4269 0x0000000002cddb50 code [0x0000000002cddcc0, 0x0000000002cddeb8]
Event: 78.372 Thread 0x000000001769d800 4270       1       sun.reflect.FieldAccessorImpl::<init> (5 bytes)
Event: 78.372 Thread 0x000000001769d800 nmethod 4270 0x0000000002cdd890 code [0x0000000002cdd9e0, 0x0000000002cddaf0]
Event: 78.416 Thread 0x000000001769d800 4271       1       org.eclipse.jdt.internal.compiler.parser.Parser::tAction (35 bytes)
Event: 78.416 Thread 0x000000001769d800 nmethod 4271 0x000000000304ca90 code [0x000000000304cc00, 0x000000000304cd90]
Event: 78.416 Thread 0x000000001769d800 4272       1       org.eclipse.jdt.internal.compiler.parser.Parser::actFromTokenOrSynthetic (9 bytes)
Event: 78.417 Thread 0x000000001769d800 nmethod 4272 0x000000000304c590 code [0x000000000304c700, 0x000000000304c8b0]
Event: 78.418 Thread 0x000000001769d800 4273       1       org.eclipse.jdt.internal.compiler.parser.Parser::ntAction (8 bytes)
Event: 78.418 Thread 0x000000001769d800 nmethod 4273 0x0000000002cdd350 code [0x0000000002cdd4a0, 0x0000000002cdd5d0]
Event: 78.418 Thread 0x000000001769d800 4274       1       org.eclipse.jdt.internal.compiler.parser.Parser::consumeRule (7138 bytes)

GC Heap History (10 events):
Event: 3.317 GC heap before
{Heap before GC invocations=6 (full 1):
 PSYoungGen      total 71680K, used 66560K [0x00000000d5580000, 0x00000000da080000, 0x0000000100000000)
  eden space 66560K, 100% used [0x00000000d5580000,0x00000000d9680000,0x00000000d9680000)
  from space 5120K, 0% used [0x00000000d9b80000,0x00000000d9b80000,0x00000000da080000)
  to   space 5120K, 0% used [0x00000000d9680000,0x00000000d9680000,0x00000000d9b80000)
 ParOldGen       total 50688K, used 5493K [0x0000000080000000, 0x0000000083180000, 0x00000000d5580000)
  object space 50688K, 10% used [0x0000000080000000,0x000000008055d4f8,0x0000000083180000)
 Metaspace       used 23940K, capacity 24854K, committed 25088K, reserved 1071104K
  class space    used 3309K, capacity 3544K, committed 3584K, reserved 1048576K
Event: 3.329 GC heap after
Heap after GC invocations=6 (full 1):
 PSYoungGen      total 71680K, used 5097K [0x00000000d5580000, 0x00000000dd980000, 0x0000000100000000)
  eden space 66560K, 0% used [0x00000000d5580000,0x00000000d5580000,0x00000000d9680000)
  from space 5120K, 99% used [0x00000000d9680000,0x00000000d9b7a668,0x00000000d9b80000)
  to   space 9216K, 0% used [0x00000000dd080000,0x00000000dd080000,0x00000000dd980000)
 ParOldGen       total 50688K, used 7355K [0x0000000080000000, 0x0000000083180000, 0x00000000d5580000)
  object space 50688K, 14% used [0x0000000080000000,0x000000008072ee10,0x0000000083180000)
 Metaspace       used 23940K, capacity 24854K, committed 25088K, reserved 1071104K
  class space    used 3309K, capacity 3544K, committed 3584K, reserved 1048576K
}
Event: 4.242 GC heap before
{Heap before GC invocations=7 (full 1):
 PSYoungGen      total 71680K, used 71657K [0x00000000d5580000, 0x00000000dd980000, 0x0000000100000000)
  eden space 66560K, 100% used [0x00000000d5580000,0x00000000d9680000,0x00000000d9680000)
  from space 5120K, 99% used [0x00000000d9680000,0x00000000d9b7a668,0x00000000d9b80000)
  to   space 9216K, 0% used [0x00000000dd080000,0x00000000dd080000,0x00000000dd980000)
 ParOldGen       total 50688K, used 7355K [0x0000000080000000, 0x0000000083180000, 0x00000000d5580000)
  object space 50688K, 14% used [0x0000000080000000,0x000000008072ee10,0x0000000083180000)
 Metaspace       used 28833K, capacity 30200K, committed 30464K, reserved 1075200K
  class space    used 3992K, capacity 4283K, committed 4352K, reserved 1048576K
Event: 4.263 GC heap after
Heap after GC invocations=7 (full 1):
 PSYoungGen      total 122368K, used 9212K [0x00000000d5580000, 0x00000000ddf00000, 0x0000000100000000)
  eden space 113152K, 0% used [0x00000000d5580000,0x00000000d5580000,0x00000000dc400000)
  from space 9216K, 99% used [0x00000000dd080000,0x00000000dd97f310,0x00000000dd980000)
  to   space 12800K, 0% used [0x00000000dc400000,0x00000000dc400000,0x00000000dd080000)
 ParOldGen       total 50688K, used 11857K [0x0000000080000000, 0x0000000083180000, 0x00000000d5580000)
  object space 50688K, 23% used [0x0000000080000000,0x0000000080b94580,0x0000000083180000)
 Metaspace       used 28833K, capacity 30200K, committed 30464K, reserved 1075200K
  class space    used 3992K, capacity 4283K, committed 4352K, reserved 1048576K
}
Event: 5.609 GC heap before
{Heap before GC invocations=8 (full 1):
 PSYoungGen      total 122368K, used 122364K [0x00000000d5580000, 0x00000000ddf00000, 0x0000000100000000)
  eden space 113152K, 100% used [0x00000000d5580000,0x00000000dc400000,0x00000000dc400000)
  from space 9216K, 99% used [0x00000000dd080000,0x00000000dd97f310,0x00000000dd980000)
  to   space 12800K, 0% used [0x00000000dc400000,0x00000000dc400000,0x00000000dd080000)
 ParOldGen       total 50688K, used 11857K [0x0000000080000000, 0x0000000083180000, 0x00000000d5580000)
  object space 50688K, 23% used [0x0000000080000000,0x0000000080b94580,0x0000000083180000)
 Metaspace       used 33564K, capacity 35242K, committed 35416K, reserved 1079296K
  class space    used 4617K, capacity 4960K, committed 4992K, reserved 1048576K
Event: 5.646 GC heap after
Heap after GC invocations=8 (full 1):
 PSYoungGen      total 125952K, used 12777K [0x00000000d5580000, 0x00000000e3500000, 0x0000000100000000)
  eden space 113152K, 0% used [0x00000000d5580000,0x00000000d5580000,0x00000000dc400000)
  from space 12800K, 99% used [0x00000000dc400000,0x00000000dd07a4e0,0x00000000dd080000)
  to   space 17920K, 0% used [0x00000000e2380000,0x00000000e2380000,0x00000000e3500000)
 ParOldGen       total 50688K, used 18849K [0x0000000080000000, 0x0000000083180000, 0x00000000d5580000)
  object space 50688K, 37% used [0x0000000080000000,0x00000000812684a0,0x0000000083180000)
 Metaspace       used 33564K, capacity 35242K, committed 35416K, reserved 1079296K
  class space    used 4617K, capacity 4960K, committed 4992K, reserved 1048576K
}
Event: 5.667 GC heap before
{Heap before GC invocations=9 (full 1):
 PSYoungGen      total 125952K, used 15827K [0x00000000d5580000, 0x00000000e3500000, 0x0000000100000000)
  eden space 113152K, 2% used [0x00000000d5580000,0x00000000d587aa48,0x00000000dc400000)
  from space 12800K, 99% used [0x00000000dc400000,0x00000000dd07a4e0,0x00000000dd080000)
  to   space 17920K, 0% used [0x00000000e2380000,0x00000000e2380000,0x00000000e3500000)
 ParOldGen       total 50688K, used 18849K [0x0000000080000000, 0x0000000083180000, 0x00000000d5580000)
  object space 50688K, 37% used [0x0000000080000000,0x00000000812684a0,0x0000000083180000)
 Metaspace       used 33639K, capacity 35324K, committed 35416K, reserved 1079296K
  class space    used 4629K, capacity 4963K, committed 4992K, reserved 1048576K
Event: 5.683 GC heap after
Heap after GC invocations=9 (full 1):
 PSYoungGen      total 210432K, used 12861K [0x00000000d5580000, 0x00000000e4a80000, 0x0000000100000000)
  eden space 192512K, 0% used [0x00000000d5580000,0x00000000d5580000,0x00000000e1180000)
  from space 17920K, 71% used [0x00000000e2380000,0x00000000e300f4f0,0x00000000e3500000)
  to   space 18432K, 0% used [0x00000000e1180000,0x00000000e1180000,0x00000000e2380000)
 ParOldGen       total 50688K, used 18857K [0x0000000080000000, 0x0000000083180000, 0x00000000d5580000)
  object space 50688K, 37% used [0x0000000080000000,0x000000008126a4a0,0x0000000083180000)
 Metaspace       used 33639K, capacity 35324K, committed 35416K, reserved 1079296K
  class space    used 4629K, capacity 4963K, committed 4992K, reserved 1048576K
}
Event: 5.683 GC heap before
{Heap before GC invocations=10 (full 2):
 PSYoungGen      total 210432K, used 12861K [0x00000000d5580000, 0x00000000e4a80000, 0x0000000100000000)
  eden space 192512K, 0% used [0x00000000d5580000,0x00000000d5580000,0x00000000e1180000)
  from space 17920K, 71% used [0x00000000e2380000,0x00000000e300f4f0,0x00000000e3500000)
  to   space 18432K, 0% used [0x00000000e1180000,0x00000000e1180000,0x00000000e2380000)
 ParOldGen       total 50688K, used 18857K [0x0000000080000000, 0x0000000083180000, 0x00000000d5580000)
  object space 50688K, 37% used [0x0000000080000000,0x000000008126a4a0,0x0000000083180000)
 Metaspace       used 33639K, capacity 35324K, committed 35416K, reserved 1079296K
  class space    used 4629K, capacity 4963K, committed 4992K, reserved 1048576K
Event: 5.748 GC heap after
Heap after GC invocations=10 (full 2):
 PSYoungGen      total 210432K, used 0K [0x00000000d5580000, 0x00000000e4a80000, 0x0000000100000000)
  eden space 192512K, 0% used [0x00000000d5580000,0x00000000d5580000,0x00000000e1180000)
  from space 17920K, 0% used [0x00000000e2380000,0x00000000e2380000,0x00000000e3500000)
  to   space 18432K, 0% used [0x00000000e1180000,0x00000000e1180000,0x00000000e2380000)
 ParOldGen       total 73216K, used 20112K [0x0000000080000000, 0x0000000084780000, 0x00000000d5580000)
  object space 73216K, 27% used [0x0000000080000000,0x00000000813a41b0,0x0000000084780000)
 Metaspace       used 33639K, capacity 35324K, committed 35416K, reserved 1079296K
  class space    used 4629K, capacity 4963K, committed 4992K, reserved 1048576K
}

Deoptimization events (0 events):
No events

Internal exceptions (10 events):
Event: 7.238 Thread 0x0000000002977800 Exception <a 'java/lang/ArrayIndexOutOfBoundsException'> (0x00000000db93a878) thrown at [C:\re\workspace\8-2-build-windows-amd64-cygwin\jdk8u121\8372\hotspot\src\share\vm\runtime\sharedRuntime.cpp, line 605]
Event: 7.240 Thread 0x0000000002977800 Exception <a 'java/lang/ArrayIndexOutOfBoundsException'> (0x00000000db94e2a0) thrown at [C:\re\workspace\8-2-build-windows-amd64-cygwin\jdk8u121\8372\hotspot\src\share\vm\runtime\sharedRuntime.cpp, line 605]
Event: 7.245 Thread 0x000000001b8b6800 Exception <a 'java/net/SocketTimeoutException': Read timed out> (0x00000000dba59eb0) thrown at [C:\re\workspace\8-2-build-windows-amd64-cygwin\jdk8u121\8372\hotspot\src\share\vm\prims\jni.cpp, line 735]
Event: 7.270 Thread 0x000000001b8b6800 Exception <a 'java/lang/ArrayIndexOutOfBoundsException'> (0x00000000dbbac980) thrown at [C:\re\workspace\8-2-build-windows-amd64-cygwin\jdk8u121\8372\hotspot\src\share\vm\runtime\sharedRuntime.cpp, line 605]
Event: 7.270 Thread 0x000000001b8b6800 Exception <a 'java/lang/ArrayIndexOutOfBoundsException'> (0x00000000dbbae1b0) thrown at [C:\re\workspace\8-2-build-windows-amd64-cygwin\jdk8u121\8372\hotspot\src\share\vm\runtime\sharedRuntime.cpp, line 605]
Event: 7.271 Thread 0x000000001b8b6800 Exception <a 'java/lang/ArrayIndexOutOfBoundsException'> (0x00000000dc0006b8) thrown at [C:\re\workspace\8-2-build-windows-amd64-cygwin\jdk8u121\8372\hotspot\src\share\vm\runtime\sharedRuntime.cpp, line 605]
Event: 37.225 Thread 0x000000001b4bc800 Exception <a 'java/net/SocketTimeoutException': Read timed out> (0x00000000dd516b48) thrown at [C:\re\workspace\8-2-build-windows-amd64-cygwin\jdk8u121\8372\hotspot\src\share\vm\prims\jni.cpp, line 735]
Event: 67.245 Thread 0x000000001b4c8800 Exception <a 'java/net/SocketTimeoutException': Read timed out> (0x00000000dd72fb58) thrown at [C:\re\workspace\8-2-build-windows-amd64-cygwin\jdk8u121\8372\hotspot\src\share\vm\prims\jni.cpp, line 735]
Event: 67.246 Thread 0x000000001b4bc800 Exception <a 'java/net/SocketTimeoutException': Read timed out> (0x00000000dd53a150) thrown at [C:\re\workspace\8-2-build-windows-amd64-cygwin\jdk8u121\8372\hotspot\src\share\vm\prims\jni.cpp, line 735]
Event: 78.426 Thread 0x000000001b8b2000 Exception <a 'java/lang/ArrayIndexOutOfBoundsException': 5827> (0x00000000df1a2778) thrown at [C:\re\workspace\8-2-build-windows-amd64-cygwin\jdk8u121\8372\hotspot\src\share\vm\interpreter\interpreterRuntime.cpp, line 366]

Events (10 events):
Event: 78.422 loading class org/eclipse/jdt/internal/compiler/ast/SingleTypeReference
Event: 78.422 loading class org/eclipse/jdt/internal/compiler/ast/SingleTypeReference done
Event: 78.426 loading class org/eclipse/jdt/internal/compiler/ast/ConstructorDeclaration
Event: 78.426 loading class org/eclipse/jdt/internal/compiler/ast/ConstructorDeclaration done
Event: 78.428 loading class org/eclipse/jdt/internal/compiler/ast/Clinit
Event: 78.428 loading class org/eclipse/jdt/internal/compiler/ast/Clinit done
Event: 78.429 loading class org/eclipse/jdt/internal/compiler/lookup/CompilationUnitScope
Event: 78.429 loading class org/eclipse/jdt/internal/compiler/lookup/CompilationUnitScope done
Event: 78.432 loading class org/eclipse/jdt/internal/compiler/lookup/Scope
Event: 78.432 loading class org/eclipse/jdt/internal/compiler/lookup/Scope done


Dynamic libraries:
0x00007ff60e2a0000 - 0x00007ff60e2d7000 	C:\Program Files\Java\jre1.8.0_121\bin\javaw.exe
0x00007ffbc5430000 - 0x00007ffbc5611000 	C:\WINDOWS\SYSTEM32\ntdll.dll
0x00007ffbc2950000 - 0x00007ffbc2a02000 	C:\WINDOWS\System32\KERNEL32.DLL
0x00007ffbc1ba0000 - 0x00007ffbc1e13000 	C:\WINDOWS\System32\KERNELBASE.dll
0x00007ffbc30c0000 - 0x00007ffbc3161000 	C:\WINDOWS\System32\ADVAPI32.dll
0x00007ffbc47e0000 - 0x00007ffbc487e000 	C:\WINDOWS\System32\msvcrt.dll
0x00007ffbc2a90000 - 0x00007ffbc2aeb000 	C:\WINDOWS\System32\sechost.dll
0x00007ffbc4fd0000 - 0x00007ffbc50f4000 	C:\WINDOWS\System32\RPCRT4.dll
0x00007ffbc4d60000 - 0x00007ffbc4ef0000 	C:\WINDOWS\System32\USER32.dll
0x00007ffbc2600000 - 0x00007ffbc2620000 	C:\WINDOWS\System32\win32u.dll
0x00007ffbc28c0000 - 0x00007ffbc28e8000 	C:\WINDOWS\System32\GDI32.dll
0x00007ffbc2620000 - 0x00007ffbc27b2000 	C:\WINDOWS\System32\gdi32full.dll
0x00007ffbc2820000 - 0x00007ffbc28bf000 	C:\WINDOWS\System32\msvcp_win.dll
0x00007ffbc19f0000 - 0x00007ffbc1aea000 	C:\WINDOWS\System32\ucrtbase.dll
0x00007ffbbf980000 - 0x00007ffbbfbe9000 	C:\WINDOWS\WinSxS\amd64_microsoft.windows.common-controls_6595b64144ccf1df_6.0.17134.228_none_fb4599993062b194\COMCTL32.dll
0x00007ffbc2bc0000 - 0x00007ffbc2ee3000 	C:\WINDOWS\System32\combase.dll
0x00007ffbc1e70000 - 0x00007ffbc1eea000 	C:\WINDOWS\System32\bcryptPrimitives.dll
0x00007ffbc3090000 - 0x00007ffbc30bd000 	C:\WINDOWS\System32\IMM32.DLL
0x00007ffbc15e0000 - 0x00007ffbc163d000 	C:\Program Files\Citrix\System32\MfApHook64.dll
0x00007ffbc0f30000 - 0x00007ffbc0f5b000 	C:\Program Files\Citrix\ICAService\CtxDodHook64.dll
0x00007ffbc1500000 - 0x00007ffbc1532000 	C:\Program Files\Citrix\ICAService\picaFullScreenHookX64.dll
0x00007ffbc0ec0000 - 0x00007ffbc0f0e000 	C:\Program Files\Citrix\ICAService\ShellHook64.dll
0x00007ffbc3220000 - 0x00007ffbc4660000 	C:\WINDOWS\System32\SHELL32.dll
0x00007ffbc1e20000 - 0x00007ffbc1e69000 	C:\WINDOWS\System32\cfgmgr32.dll
0x00007ffbc3170000 - 0x00007ffbc3219000 	C:\WINDOWS\System32\shcore.dll
0x00007ffbc1ef0000 - 0x00007ffbc25fd000 	C:\WINDOWS\System32\windows.storage.dll
0x00007ffbc4ef0000 - 0x00007ffbc4f41000 	C:\WINDOWS\System32\shlwapi.dll
0x00007ffbc17e0000 - 0x00007ffbc17f1000 	C:\WINDOWS\System32\kernel.appcore.dll
0x00007ffbc17a0000 - 0x00007ffbc17bf000 	C:\WINDOWS\System32\profapi.dll
0x00007ffbc1750000 - 0x00007ffbc179c000 	C:\WINDOWS\System32\powrprof.dll
0x00007ffbc1740000 - 0x00007ffbc174a000 	C:\WINDOWS\System32\FLTLIB.DLL
0x00007ffbc0d40000 - 0x00007ffbc0ebc000 	C:\Program Files\Citrix\ICAService\SCardHook64.dll
0x00007ffbc0be0000 - 0x00007ffbc0c0a000 	C:\Program Files\Citrix\ICAService\cxinjime64.dll
0x00007ffbc09f0000 - 0x00007ffbc0a38000 	C:\Program Files\Citrix\ICAService\PicaWtsHook64.dll
0x00000000516f0000 - 0x00000000517c2000 	C:\Program Files\Java\jre1.8.0_121\bin\msvcr100.dll
0x00000000517d0000 - 0x000000005206b000 	C:\Program Files\Java\jre1.8.0_121\bin\server\jvm.dll
0x00007ffbc2a20000 - 0x00007ffbc2a28000 	C:\WINDOWS\System32\PSAPI.DLL
0x00007ffbbba30000 - 0x00007ffbbba53000 	C:\WINDOWS\SYSTEM32\WINMM.dll
0x00007ffbc13f0000 - 0x00007ffbc13fa000 	C:\WINDOWS\SYSTEM32\VERSION.dll
0x00007ffbb49a0000 - 0x00007ffbb49a9000 	C:\WINDOWS\SYSTEM32\WSOCK32.dll
0x00007ffbbba00000 - 0x00007ffbbba2a000 	C:\WINDOWS\SYSTEM32\WINMMBASE.dll
0x00007ffbc4880000 - 0x00007ffbc48ec000 	C:\WINDOWS\System32\WS2_32.dll
0x0000000052860000 - 0x000000005286f000 	C:\Program Files\Java\jre1.8.0_121\bin\verify.dll
0x0000000052360000 - 0x0000000052389000 	C:\Program Files\Java\jre1.8.0_121\bin\java.dll
0x0000000052840000 - 0x0000000052856000 	C:\Program Files\Java\jre1.8.0_121\bin\zip.dll
0x00000000522d0000 - 0x00000000522dd000 	C:\Program Files\Java\jre1.8.0_121\bin\management.dll
0x0000000052340000 - 0x000000005235a000 	C:\Program Files\Java\jre1.8.0_121\bin\net.dll
0x00007ffbc0430000 - 0x00007ffbc0496000 	C:\WINDOWS\system32\mswsock.dll
0x0000000052320000 - 0x0000000052331000 	C:\Program Files\Java\jre1.8.0_121\bin\nio.dll
0x00007ffbb7170000 - 0x00007ffbb7186000 	C:\WINDOWS\system32\napinsp.dll
0x00007ffbb7190000 - 0x00007ffbb71aa000 	C:\WINDOWS\system32\pnrpnsp.dll
0x00007ffbbd0f0000 - 0x00007ffbbd109000 	C:\WINDOWS\system32\NLAapi.dll
0x00007ffbc01f0000 - 0x00007ffbc02ae000 	C:\WINDOWS\SYSTEM32\DNSAPI.dll
0x00007ffbc2a10000 - 0x00007ffbc2a18000 	C:\WINDOWS\System32\NSI.dll
0x00007ffbc01b0000 - 0x00007ffbc01e8000 	C:\WINDOWS\SYSTEM32\IPHLPAPI.DLL
0x00007ffbb71b0000 - 0x00007ffbb71be000 	C:\WINDOWS\System32\winrnr.dll
0x00007ffbb8620000 - 0x00007ffbb862a000 	C:\Windows\System32\rasadhlp.dll
0x00007ffbbbd10000 - 0x00007ffbbbd82000 	C:\WINDOWS\System32\fwpuclnt.dll
0x00007ffbc0fb0000 - 0x00007ffbc0fd5000 	C:\WINDOWS\SYSTEM32\bcrypt.dll
0x00007ffbc05e0000 - 0x00007ffbc05f7000 	C:\WINDOWS\SYSTEM32\CRYPTSP.dll
0x00007ffbc0010000 - 0x00007ffbc0043000 	C:\WINDOWS\system32\rsaenh.dll
0x00007ffbc1640000 - 0x00007ffbc1668000 	C:\WINDOWS\SYSTEM32\USERENV.dll
0x00007ffbc0600000 - 0x00007ffbc060b000 	C:\WINDOWS\SYSTEM32\CRYPTBASE.dll
0x00007ffbbb880000 - 0x00007ffbbb896000 	C:\WINDOWS\SYSTEM32\dhcpcsvc6.DLL
0x00007ffbbb860000 - 0x00007ffbbb87a000 	C:\WINDOWS\SYSTEM32\dhcpcsvc.DLL
0x00000000522f0000 - 0x0000000052314000 	C:\Program Files\Java\jre1.8.0_121\bin\sunec.dll

VM Arguments:
jvm_args: -Dcom.sun.management.jmxremote -Dcom.sun.management.jmxremote.port=62934 -Dcom.sun.management.jmxremote.authenticate=false -Dcom.sun.management.jmxremote.ssl=false -Djava.rmi.server.hostname=localhost -Dspring.liveBeansView.mbeanDomain -Dspring.application.admin.enabled=true -Xverify:none -XX:TieredStopAtLevel=1 -Dfile.encoding=UTF-8 
java_command: com.moneymoney.web.WebsiteApplication --spring.output.ansi.enabled=always
java_class_path (initial): C:\MmbankEurekaServer\website\target\classes;C:\Users\jharish\.m2\repository\org\springframework\boot\spring-boot-starter-web\2.1.2.RELEASE\spring-boot-starter-web-2.1.2.RELEASE.jar;C:\Users\jharish\.m2\repository\org\springframework\boot\spring-boot-starter\2.1.2.RELEASE\spring-boot-starter-2.1.2.RELEASE.jar;C:\Users\jharish\.m2\repository\org\springframework\boot\spring-boot\2.1.2.RELEASE\spring-boot-2.1.2.RELEASE.jar;C:\Users\jharish\.m2\repository\org\springframework\boot\spring-boot-autoconfigure\2.1.2.RELEASE\spring-boot-autoconfigure-2.1.2.RELEASE.jar;C:\Users\jharish\.m2\repository\org\springframework\boot\spring-boot-starter-logging\2.1.2.RELEASE\spring-boot-starter-logging-2.1.2.RELEASE.jar;C:\Users\jharish\.m2\repository\ch\qos\logback\logback-classic\1.2.3\logback-classic-1.2.3.jar;C:\Users\jharish\.m2\repository\ch\qos\logback\logback-core\1.2.3\logback-core-1.2.3.jar;C:\Users\jharish\.m2\repository\org\apache\logging\log4j\log4j-to-slf4j\2.11.1\log4j-to-slf4j-2.11.1.jar;C:\Users\jharish\.m2\repository\org\apache\logging\log4j\log4j-api\2.11.1\log4j-api-2.11.1.jar;C:\Users\jharish\.m2\repository\org\slf4j\jul-to-slf4j\1.7.25\jul-to-slf4j-1.7.25.jar;C:\Users\jharish\.m2\repository\javax\annotation\javax.annotation-api\1.3.2\javax.annotation-api-1.3.2.jar;C:\Users\jharish\.m2\repository\org\yaml\snakeyaml\1.23\snakeyaml-1.23.jar;C:\Users\jharish\.m2\repository\org\springframework\boot\spring-boot-starter-json\2.1.2.RELEASE\spring-boot-starter-json-2.1.2.RELEASE.jar;C:\Users\jharish\.m2\repository\com\fasterxml\jackson\core\jackson-databind\2.9.8\jackson-databind-2.9.8.jar;C:\Users\jharish\.m2\repository\com\fasterxml\jackson\datatype\jackson-datatype-jdk8\2.9.8\jackson-datatype-jdk8-2.9.8.jar;C:\Users\jharish\.m2\repository\com\fasterxml\jackson\datatype\jackson-datatype-jsr310\2.9.8\jackson-datatype-jsr310-2.9.8.jar;C:\Users\jharish\.m2\repository\com\fasterxml\jackson\module\jackson-module-parameter-names\2.9.8\jackson-modul
Launcher Type: SUN_STANDARD

Environment Variables:
PATH=C:/Program Files/Java/jre1.8.0_121/bin/server;C:/Program Files/Java/jre1.8.0_121/bin;C:/Program Files/Java/jre1.8.0_121/lib/amd64;C:\Python34\;C:\Python34\Scripts;C:\oraclexe\app\oracle\product\11.2.0\server\bin;C:\ProgramData\Oracle\Java\javapath;C:\WINDOWS\system32;C:\WINDOWS;C:\WINDOWS\System32\Wbem;C:\WINDOWS\System32\WindowsPowerShell\v1.0\;C:\Program Files\TortoiseSVN\bin;C:\Program Files\nodejs\;C:\Program Files\Git\cmd;C:\Program Files (x86)\Microsoft SQL Server\110\Tools\Binn\ManagementStudio\;C:\Program Files (x86)\Microsoft SQL Server\110\Tools\Binn\;C:\Program Files (x86)\Microsoft SQL Server\110\DTS\Binn\;C:\Program Files\Citrix\System32\;C:\Program Files\Citrix\ICAService\;C:\WINDOWS\System32\OpenSSH\;C:\Users\jharish\AppData\Local\Microsoft\WindowsApps;;C:\Users\jharish\Desktop\New folder (2)\spring-tool-suite-3.9.7.RELEASE-e4.10.0-win32-x86_64\sts-bundle\sts-3.9.7.RELEASE;
USERNAME=jharish
OS=Windows_NT
PROCESSOR_IDENTIFIER=Intel64 Family 15 Model 6 Stepping 1, GenuineIntel



---------------  S Y S T E M  ---------------

OS: Windows 10.0 , 64 bit Build 17134 (10.0.17134.1)

CPU:total 4 (2 cores per cpu, 1 threads per core) family 15 model 6 stepping 1, cmov, cx8, fxsr, mmx, sse, sse2, sse3, ssse3, sse4.1, sse4.2, popcnt, avx, avx2, aes, clmul, erms, rtm, 3dnowpref, lzcnt, tsc, bmi1, bmi2, adx

Memory: 4k page, physical 8388056k(530536k free), swap 18697820k(4124k free)

vm_info: Java HotSpot(TM) 64-Bit Server VM (25.121-b13) for windows-amd64 JRE (1.8.0_121-b13), built on Dec 12 2016 18:21:36 by "java_re" with MS VC++ 10.0 (VS2010)

time: Wed Jan 23 17:21:48 2019
elapsed time: 78 seconds (0d 0h 1m 18s)

